[35m[1mConsolidate compiler generated dependencies of target turtlebot4_cpp_node[0m
[ 50%] [32mBuilding CXX object CMakeFiles/turtlebot4_cpp_node.dir/src/turtlebot4_cpp_node.cpp.o[0m
[01m[K/home/ros/turtlebot4_ws/src/turtlebot4_cpp/src/turtlebot4_cpp_node.cpp:[m[K In member function â€˜[01m[Kvoid TurtleBot4Node::path()[m[Kâ€™:
[01m[K/home/ros/turtlebot4_ws/src/turtlebot4_cpp/src/turtlebot4_cpp_node.cpp:110:32:[m[K [01;31m[Kerror: [m[Kâ€˜[01m[Kpath_seg[m[Kâ€™ was not declared in this scope
  110 |       path_publisher_->publish([01;31m[Kpath_seg[m[K);
      |                                [01;31m[K^~~~~~~~[m[K
gmake[2]: *** [CMakeFiles/turtlebot4_cpp_node.dir/build.make:76: CMakeFiles/turtlebot4_cpp_node.dir/src/turtlebot4_cpp_node.cpp.o] Error 1
gmake[1]: *** [CMakeFiles/Makefile2:137: CMakeFiles/turtlebot4_cpp_node.dir/all] Error 2
gmake: *** [Makefile:146: all] Error 2
