[0.162s] Invoking command in '/home/ros/turtlebot4_ws/build/turtlebot4_cpp': CMAKE_PREFIX_PATH=${CMAKE_PREFIX_PATH}:/home/ros/turtlebot4_ws/install/turtlebot4_py:/opt/ros/humble /usr/bin/cmake --build /home/ros/turtlebot4_ws/build/turtlebot4_cpp -- -j6 -l6
[0.300s] [35m[1mConsolidate compiler generated dependencies of target turtlebot4_cpp_node[0m
[0.414s] [ 50%] [32mBuilding CXX object CMakeFiles/turtlebot4_cpp_node.dir/src/turtlebot4_cpp_node.cpp.o[0m
[5.476s] [01m[K/home/ros/turtlebot4_ws/src/turtlebot4_cpp/src/turtlebot4_cpp_node.cpp:[m[K In member function â€˜[01m[Kvoid TurtleBot4Node::path_action()[m[Kâ€™:
[5.476s] [01m[K/home/ros/turtlebot4_ws/src/turtlebot4_cpp/src/turtlebot4_cpp_node.cpp:79:10:[m[K [01;35m[Kwarning: [m[Kvariable â€˜[01m[Kpath_d[m[Kâ€™ set but not used [[01;35m[K]8;;https://gcc.gnu.org/onlinedocs/gcc/Warning-Options.html#index-Wunused-but-set-variable-Wunused-but-set-variable]8;;[m[K]
[5.476s]    79 |     auto [01;35m[Kpath_d[m[K = irobot_create_msgs::action::DriveDistance_Goal();
[5.477s]       |          [01;35m[K^~~~~~[m[K
[5.540s] [01m[K/home/ros/turtlebot4_ws/src/turtlebot4_cpp/src/turtlebot4_cpp_node.cpp:[m[K In member function â€˜[01m[Kvoid TurtleBot4Node::feedback_drivecallback(rclcpp_action::ClientGoalHandle<irobot_create_msgs::action::DriveDistance>::SharedPtr, std::shared_ptr<irobot_create_msgs::action::DriveDistance_Feedback_<std::allocator<void> > >)[m[Kâ€™:
[5.540s] [01m[K/home/ros/turtlebot4_ws/src/turtlebot4_cpp/src/turtlebot4_cpp_node.cpp:328:53:[m[K [01;31m[Kerror: [m[Kâ€˜[01m[Kusing element_type = struct irobot_create_msgs::action::DriveDistance_Feedback_<std::allocator<void> >[m[Kâ€™ {aka â€˜[01m[Kstruct irobot_create_msgs::action::DriveDistance_Feedback_<std::allocator<void> >[m[Kâ€™} has no member named â€˜[01m[Kremaning_distance_travel[m[Kâ€™
[5.540s]   328 |     ss << "Remaning Distance Travel: " << feedback->[01;31m[Kremaning_distance_travel[m[K;
[5.540s]       |                                                     [01;31m[K^~~~~~~~~~~~~~~~~~~~~~~~[m[K
[10.680s] gmake[2]: *** [CMakeFiles/turtlebot4_cpp_node.dir/build.make:76: CMakeFiles/turtlebot4_cpp_node.dir/src/turtlebot4_cpp_node.cpp.o] Error 1
[10.680s] gmake[1]: *** [CMakeFiles/Makefile2:137: CMakeFiles/turtlebot4_cpp_node.dir/all] Error 2
[10.681s] gmake: *** [Makefile:146: all] Error 2
[10.687s] Invoked command in '/home/ros/turtlebot4_ws/build/turtlebot4_cpp' returned '2': CMAKE_PREFIX_PATH=${CMAKE_PREFIX_PATH}:/home/ros/turtlebot4_ws/install/turtlebot4_py:/opt/ros/humble /usr/bin/cmake --build /home/ros/turtlebot4_ws/build/turtlebot4_cpp -- -j6 -l6
