[01m[K/home/ros/turtlebot4_ws/src/turtlebot4_cpp/src/turtlebot4_cpp_node.cpp:[m[K In member function â€˜[01m[Kvoid TurtleBot4Node::path()[m[Kâ€™:
[01m[K/home/ros/turtlebot4_ws/src/turtlebot4_cpp/src/turtlebot4_cpp_node.cpp:181:18:[m[K [01;31m[Kerror: [m[Kno match for â€˜[01m[Koperator==[m[Kâ€™ (operand types are â€˜[01m[Kstd::future_status[m[Kâ€™ and â€˜[01m[Krclcpp::FutureReturnCode[m[Kâ€™)
  181 |       if ([32m[Kstatus[m[K [01;31m[K==[m[K [34m[Krclcpp::FutureReturnCode::SUCCESS[m[K)
      |           [32m[K~~~~~~[m[K [01;31m[K^~[m[K [34m[K~~~~~~~~~~~~~~~~~~~~~~~~~~~~~~~~~[m[K
      |           [32m[K|[m[K                                   [34m[K|[m[K
      |           [32m[Kstd::future_status[m[K                  [34m[Krclcpp::FutureReturnCode[m[K
[01m[K/home/ros/turtlebot4_ws/src/turtlebot4_cpp/src/turtlebot4_cpp_node.cpp:181:18:[m[K [01;36m[Knote: [m[Kcandidate: â€˜[01m[Koperator==(rclcpp::FutureReturnCode, rclcpp::FutureReturnCode)[m[Kâ€™ (built-in)
  181 |       if ([01;36m[Kstatus == rclcpp::FutureReturnCode::SUCCESS[m[K)
      |           [01;36m[K~~~~~~~^~~~~~~~~~~~~~~~~~~~~~~~~~~~~~~~~~~~[m[K
[01m[K/home/ros/turtlebot4_ws/src/turtlebot4_cpp/src/turtlebot4_cpp_node.cpp:181:18:[m[K [01;36m[Knote: [m[K  no known conversion for argument 1 from â€˜[01m[Kstd::future_status[m[Kâ€™ to â€˜[01m[Krclcpp::FutureReturnCode[m[Kâ€™
[01m[K/home/ros/turtlebot4_ws/src/turtlebot4_cpp/src/turtlebot4_cpp_node.cpp:181:18:[m[K [01;36m[Knote: [m[Kcandidate: â€˜[01m[Koperator==(std::future_status, std::future_status)[m[Kâ€™ (built-in)
[01m[K/home/ros/turtlebot4_ws/src/turtlebot4_cpp/src/turtlebot4_cpp_node.cpp:181:18:[m[K [01;36m[Knote: [m[K  no known conversion for argument 2 from â€˜[01m[Krclcpp::FutureReturnCode[m[Kâ€™ to â€˜[01m[Kstd::future_status[m[Kâ€™
gmake[2]: *** [CMakeFiles/turtlebot4_cpp_node.dir/build.make:76: CMakeFiles/turtlebot4_cpp_node.dir/src/turtlebot4_cpp_node.cpp.o] Error 1
gmake[1]: *** [CMakeFiles/Makefile2:137: CMakeFiles/turtlebot4_cpp_node.dir/all] Error 2
gmake: *** [Makefile:146: all] Error 2
