[0.171s] Invoking command in '/home/ros/turtlebot4_ws/build/turtlebot4_cpp': CMAKE_PREFIX_PATH=/opt/ros/humble /usr/bin/cmake --build /home/ros/turtlebot4_ws/build/turtlebot4_cpp -- -j6 -l6
[1.500s] -- Found ament_cmake: 1.3.6 (/opt/ros/humble/share/ament_cmake/cmake)
[3.014s] -- Found rclcpp: 16.0.7 (/opt/ros/humble/share/rclcpp/cmake)
[3.551s] -- Found rosidl_generator_c: 3.1.5 (/opt/ros/humble/share/rosidl_generator_c/cmake)
[3.662s] -- Found rosidl_adapter: 3.1.5 (/opt/ros/humble/share/rosidl_adapter/cmake)
[3.738s] -- Found rosidl_generator_cpp: 3.1.5 (/opt/ros/humble/share/rosidl_generator_cpp/cmake)
[3.962s] -- Using all available rosidl_typesupport_c: rosidl_typesupport_fastrtps_c;rosidl_typesupport_introspection_c
[4.089s] -- Using all available rosidl_typesupport_cpp: rosidl_typesupport_fastrtps_cpp;rosidl_typesupport_introspection_cpp
[4.874s] -- Found rmw_implementation_cmake: 6.1.1 (/opt/ros/humble/share/rmw_implementation_cmake/cmake)
[4.893s] -- Found rmw_fastrtps_cpp: 6.2.5 (/opt/ros/humble/share/rmw_fastrtps_cpp/cmake)
[5.960s] -- Using RMW implementation 'rmw_fastrtps_cpp' as default
[7.249s] -- Found irobot_create_msgs: 2.1.0 (/opt/ros/humble/share/irobot_create_msgs/cmake)
[8.690s] -- Found ament_lint_auto: 0.12.9 (/opt/ros/humble/share/ament_lint_auto/cmake)
[9.324s] -- Added test 'cppcheck' to perform static code analysis on C / C++ code
[9.324s] -- Configured cppcheck include dirs: $<BUILD_INTERFACE:/home/ros/turtlebot4_ws/src/turtlebot4_cpp/include>
[9.324s] -- Configured cppcheck exclude dirs and/or files: 
[9.389s] -- Added test 'lint_cmake' to check CMake code style
[9.389s] -- Added test 'uncrustify' to check C / C++ code style
[9.389s] -- Configured uncrustify additional arguments: 
[9.401s] -- Added test 'xmllint' to check XML markup files
[9.463s] -- Configuring done
[9.563s] -- Generating done
[9.591s] -- Build files have been written to: /home/ros/turtlebot4_ws/build/turtlebot4_cpp
[9.816s] [35m[1mConsolidate compiler generated dependencies of target turtlebot4_cpp_node[0m
[10.039s] [ 50%] [32mBuilding CXX object CMakeFiles/turtlebot4_cpp_node.dir/src/turtlebot4_cpp_node.cpp.o[0m
[39.748s] [100%] [32m[1mLinking CXX executable turtlebot4_cpp_node[0m
[43.084s] /usr/bin/ld: CMakeFiles/turtlebot4_cpp_node.dir/src/turtlebot4_cpp_node.cpp.o: in function `TurtleBot4Node::path()':
[43.084s] turtlebot4_cpp_node.cpp:(.text._ZN14TurtleBot4Node4pathEv[_ZN14TurtleBot4Node4pathEv]+0x170): undefined reference to `Vector3::normalize()'
[43.084s] /usr/bin/ld: turtlebot4_cpp_node.cpp:(.text._ZN14TurtleBot4Node4pathEv[_ZN14TurtleBot4Node4pathEv]+0x189): undefined reference to `Vector3::angleBetweenVectors(Vector3 const&) const'
[43.286s] collect2: error: ld returned 1 exit status
[43.287s] gmake[2]: *** [CMakeFiles/turtlebot4_cpp_node.dir/build.make:191: turtlebot4_cpp_node] Error 1
[43.287s] gmake[1]: *** [CMakeFiles/Makefile2:137: CMakeFiles/turtlebot4_cpp_node.dir/all] Error 2
[43.302s] gmake: *** [Makefile:146: all] Error 2
[43.435s] Invoked command in '/home/ros/turtlebot4_ws/build/turtlebot4_cpp' returned '2': CMAKE_PREFIX_PATH=/opt/ros/humble /usr/bin/cmake --build /home/ros/turtlebot4_ws/build/turtlebot4_cpp -- -j6 -l6
