[0.107s] Invoking command in '/home/ros/turtlebot4_ws/build/turtlebot4_cpp': CMAKE_PREFIX_PATH=/opt/ros/humble /usr/bin/cmake --build /home/ros/turtlebot4_ws/build/turtlebot4_cpp -- -j6 -l6
[0.230s] [35m[1mConsolidate compiler generated dependencies of target turtlebot4_cpp_node[0m
[0.307s] [ 50%] [32mBuilding CXX object CMakeFiles/turtlebot4_cpp_node.dir/src/turtlebot4_cpp_node.cpp.o[0m
[5.046s] [01m[K/home/ros/turtlebot4_ws/src/turtlebot4_cpp/src/turtlebot4_cpp_node.cpp:[m[K In member function â€˜[01m[Kvoid TurtleBot4Node::battery_state_callback(sensor_msgs::msg::BatteryState)[m[Kâ€™:
[5.047s] [01m[K/home/ros/turtlebot4_ws/src/turtlebot4_cpp/src/turtlebot4_cpp_node.cpp:47:5:[m[K [01;31m[Kerror: [m[Kâ€˜[01m[Kstringstream[m[Kâ€™ was not declared in this scope; did you mean â€˜[01m[Kstd::stringstream[m[Kâ€™?
[5.047s]    47 |     [01;31m[Kstd::strings[m[Ktream ss;
[5.047s]       |     [01;31m[K^~~~~~~~~~~~[m[K
[5.047s]       |     [32m[Kstd::stringstream[m[K
[5.047s] In file included from [01m[K/usr/include/c++/11/bits/shared_ptr.h:52[m[K,
[5.047s]                  from [01m[K/usr/include/c++/11/memory:77[m[K,
[5.047s]                  from [01m[K/home/ros/turtlebot4_ws/src/turtlebot4_cpp/src/turtlebot4_cpp_node.cpp:4[m[K:
[5.048s] [01m[K/usr/include/c++/11/iosfwd:156:41:[m[K [01;36m[Knote: [m[Kâ€˜[01m[Kstd::stringstream[m[Kâ€™ declared here
[5.048s]   156 |   typedef basic_stringstream<char>      [01;36m[Kstringstream[m[K;
[5.048s]       |                                         [01;36m[K^~~~~~~~~~~~[m[K
[5.054s] [01m[K/home/ros/turtlebot4_ws/src/turtlebot4_cpp/src/turtlebot4_cpp_node.cpp:48:5:[m[K [01;31m[Kerror: [m[Kâ€˜[01m[Kss[m[Kâ€™ was not declared in this scope
[5.054s]    48 |     [01;31m[Kss[m[K << "Battery Precentage: " << bstate.percentage*100 <<"%";
[5.054s]       |     [01;31m[K^~[m[K
[6.122s] gmake[2]: *** [CMakeFiles/turtlebot4_cpp_node.dir/build.make:76: CMakeFiles/turtlebot4_cpp_node.dir/src/turtlebot4_cpp_node.cpp.o] Interrupt
[6.126s] gmake[1]: *** [CMakeFiles/Makefile2:137: CMakeFiles/turtlebot4_cpp_node.dir/all] Interrupt
[6.126s] gmake: *** [Makefile:146: all] Interrupt
[6.190s] Invoked command in '/home/ros/turtlebot4_ws/build/turtlebot4_cpp' returned '-2': CMAKE_PREFIX_PATH=/opt/ros/humble /usr/bin/cmake --build /home/ros/turtlebot4_ws/build/turtlebot4_cpp -- -j6 -l6
