[0.000000] (-) TimerEvent: {}
[0.001084] (-) JobUnselected: {'identifier': 'turtlebot4_base'}
[0.001233] (-) JobUnselected: {'identifier': 'turtlebot4_bringup'}
[0.001429] (-) JobUnselected: {'identifier': 'turtlebot4_diagnostics'}
[0.001689] (-) JobUnselected: {'identifier': 'turtlebot4_py'}
[0.001891] (-) JobUnselected: {'identifier': 'turtlebot4_robot'}
[0.002246] (-) JobUnselected: {'identifier': 'turtlebot4_tests'}
[0.002329] (turtlebot4_cpp) JobQueued: {'identifier': 'turtlebot4_cpp', 'dependencies': OrderedDict()}
[0.002435] (turtlebot4_cpp) JobStarted: {'identifier': 'turtlebot4_cpp'}
[0.128500] (-) TimerEvent: {}
[0.186533] (turtlebot4_cpp) JobProgress: {'identifier': 'turtlebot4_cpp', 'progress': 'cmake'}
[0.186622] (turtlebot4_cpp) JobProgress: {'identifier': 'turtlebot4_cpp', 'progress': 'build'}
[0.186667] (turtlebot4_cpp) Command: {'cmd': ['/usr/bin/cmake', '--build', '/home/ros/turtlebot4_ws/build/turtlebot4_cpp', '--', '-j6', '-l6'], 'cwd': '/home/ros/turtlebot4_ws/build/turtlebot4_cpp', 'env': OrderedDict([('LESSOPEN', '| /usr/bin/lesspipe %s'), ('LANGUAGE', 'en_CA:en'), ('USER', 'ros'), ('XDG_SESSION_TYPE', 'wayland'), ('GIT_ASKPASS', '/usr/share/code/resources/app/extensions/git/dist/askpass.sh'), ('SHLVL', '2'), ('LD_LIBRARY_PATH', '/opt/ros/humble/opt/rviz_ogre_vendor/lib:/opt/ros/humble/lib/x86_64-linux-gnu:/opt/ros/humble/lib'), ('HOME', '/home/ros'), ('CHROME_DESKTOP', 'code-url-handler.desktop'), ('TERM_PROGRAM_VERSION', '1.87.0'), ('DESKTOP_SESSION', 'ubuntu'), ('ROS_PYTHON_VERSION', '3'), ('GNOME_SHELL_SESSION_MODE', 'ubuntu'), ('GTK_MODULES', 'gail:atk-bridge'), ('VSCODE_GIT_ASKPASS_MAIN', '/usr/share/code/resources/app/extensions/git/dist/askpass-main.js'), ('VSCODE_GIT_ASKPASS_NODE', '/usr/share/code/code'), ('SYSTEMD_EXEC_PID', '4870'), ('DBUS_SESSION_BUS_ADDRESS', 'unix:path=/run/user/1000/bus'), ('COLORTERM', 'truecolor'), ('IM_CONFIG_PHASE', '1'), ('WAYLAND_DISPLAY', 'wayland-0'), ('ROS_DISTRO', 'humble'), ('LOGNAME', 'ros'), ('_', '/usr/bin/colcon'), ('ROS_VERSION', '2'), ('XDG_SESSION_CLASS', 'user'), ('USERNAME', 'ros'), ('TERM', 'xterm-256color'), ('GNOME_DESKTOP_SESSION_ID', 'this-is-deprecated'), ('ROS_LOCALHOST_ONLY', '0'), ('PATH', '/opt/ros/humble/bin:/usr/local/sbin:/usr/local/bin:/usr/sbin:/usr/bin:/sbin:/bin:/usr/games:/usr/local/games:/snap/bin:/snap/bin'), ('SESSION_MANAGER', 'local/ros-vm:@/tmp/.ICE-unix/1566,unix/ros-vm:/tmp/.ICE-unix/1566'), ('XDG_MENU_PREFIX', 'gnome-'), ('GNOME_TERMINAL_SCREEN', '/org/gnome/Terminal/screen/b89777a9_d370_4b1f_b399_9a71ea09960d'), ('GNOME_SETUP_DISPLAY', ':1'), ('XDG_RUNTIME_DIR', '/run/user/1000'), ('GDK_BACKEND', 'x11'), ('DISPLAY', ':0'), ('LANG', 'en_CA.UTF-8'), ('XDG_CURRENT_DESKTOP', 'Unity'), ('RMW_IMPLEMENTATION', 'rmw_fastrtps_cpp'), ('XMODIFIERS', '@im=ibus'), ('XDG_SESSION_DESKTOP', 'ubuntu'), ('XAUTHORITY', '/run/user/1000/.mutter-Xwaylandauth.AA57J2'), ('LS_COLORS', 'rs=0:di=01;34:ln=01;36:mh=00:pi=40;33:so=01;35:do=01;35:bd=40;33;01:cd=40;33;01:or=40;31;01:mi=00:su=37;41:sg=30;43:ca=30;41:tw=30;42:ow=34;42:st=37;44:ex=01;32:*.tar=01;31:*.tgz=01;31:*.arc=01;31:*.arj=01;31:*.taz=01;31:*.lha=01;31:*.lz4=01;31:*.lzh=01;31:*.lzma=01;31:*.tlz=01;31:*.txz=01;31:*.tzo=01;31:*.t7z=01;31:*.zip=01;31:*.z=01;31:*.dz=01;31:*.gz=01;31:*.lrz=01;31:*.lz=01;31:*.lzo=01;31:*.xz=01;31:*.zst=01;31:*.tzst=01;31:*.bz2=01;31:*.bz=01;31:*.tbz=01;31:*.tbz2=01;31:*.tz=01;31:*.deb=01;31:*.rpm=01;31:*.jar=01;31:*.war=01;31:*.ear=01;31:*.sar=01;31:*.rar=01;31:*.alz=01;31:*.ace=01;31:*.zoo=01;31:*.cpio=01;31:*.7z=01;31:*.rz=01;31:*.cab=01;31:*.wim=01;31:*.swm=01;31:*.dwm=01;31:*.esd=01;31:*.jpg=01;35:*.jpeg=01;35:*.mjpg=01;35:*.mjpeg=01;35:*.gif=01;35:*.bmp=01;35:*.pbm=01;35:*.pgm=01;35:*.ppm=01;35:*.tga=01;35:*.xbm=01;35:*.xpm=01;35:*.tif=01;35:*.tiff=01;35:*.png=01;35:*.svg=01;35:*.svgz=01;35:*.mng=01;35:*.pcx=01;35:*.mov=01;35:*.mpg=01;35:*.mpeg=01;35:*.m2v=01;35:*.mkv=01;35:*.webm=01;35:*.webp=01;35:*.ogm=01;35:*.mp4=01;35:*.m4v=01;35:*.mp4v=01;35:*.vob=01;35:*.qt=01;35:*.nuv=01;35:*.wmv=01;35:*.asf=01;35:*.rm=01;35:*.rmvb=01;35:*.flc=01;35:*.avi=01;35:*.fli=01;35:*.flv=01;35:*.gl=01;35:*.dl=01;35:*.xcf=01;35:*.xwd=01;35:*.yuv=01;35:*.cgm=01;35:*.emf=01;35:*.ogv=01;35:*.ogx=01;35:*.aac=00;36:*.au=00;36:*.flac=00;36:*.m4a=00;36:*.mid=00;36:*.midi=00;36:*.mka=00;36:*.mp3=00;36:*.mpc=00;36:*.ogg=00;36:*.ra=00;36:*.wav=00;36:*.oga=00;36:*.opus=00;36:*.spx=00;36:*.xspf=00;36:'), ('VSCODE_GIT_IPC_HANDLE', '/run/user/1000/vscode-git-6e17a2ffad.sock'), ('GNOME_TERMINAL_SERVICE', ':1.234'), ('TERM_PROGRAM', 'vscode'), ('SSH_AGENT_LAUNCHER', 'gnome-keyring'), ('SSH_AUTH_SOCK', '/run/user/1000/keyring/ssh'), ('ROS_DOMAIN_ID', '0'), ('AMENT_PREFIX_PATH', '/opt/ros/humble'), ('ORIGINAL_XDG_CURRENT_DESKTOP', 'ubuntu:GNOME'), ('SHELL', '/bin/bash'), ('QT_ACCESSIBILITY', '1'), ('GDMSESSION', 'ubuntu'), ('LESSCLOSE', '/usr/bin/lesspipe %s %s'), ('VSCODE_GIT_ASKPASS_EXTRA_ARGS', ''), ('QT_IM_MODULE', 'ibus'), ('PWD', '/home/ros/turtlebot4_ws/build/turtlebot4_cpp'), ('XDG_CONFIG_DIRS', '/etc/xdg/xdg-ubuntu:/etc/xdg'), ('XDG_DATA_DIRS', '/usr/share/ubuntu:/usr/local/share/:/usr/share/:/var/lib/snapd/desktop'), ('PYTHONPATH', '/opt/ros/humble/lib/python3.10/site-packages:/opt/ros/humble/local/lib/python3.10/dist-packages'), ('COLCON', '1'), ('VTE_VERSION', '6800'), ('CMAKE_PREFIX_PATH', '/opt/ros/humble')]), 'shell': False}
[0.229141] (-) TimerEvent: {}
[0.301067] (turtlebot4_cpp) StdoutLine: {'line': b'-- Found ament_cmake: 1.3.6 (/opt/ros/humble/share/ament_cmake/cmake)\n'}
[0.333609] (-) TimerEvent: {}
[0.436939] (-) TimerEvent: {}
[0.539226] (-) TimerEvent: {}
[0.645793] (-) TimerEvent: {}
[0.762601] (-) TimerEvent: {}
[0.776495] (turtlebot4_cpp) StdoutLine: {'line': b'-- Found rclcpp: 16.0.7 (/opt/ros/humble/share/rclcpp/cmake)\n'}
[0.835236] (turtlebot4_cpp) StdoutLine: {'line': b'-- Found rosidl_generator_c: 3.1.5 (/opt/ros/humble/share/rosidl_generator_c/cmake)\n'}
[0.838431] (turtlebot4_cpp) StdoutLine: {'line': b'-- Found rosidl_adapter: 3.1.5 (/opt/ros/humble/share/rosidl_adapter/cmake)\n'}
[0.848884] (turtlebot4_cpp) StdoutLine: {'line': b'-- Found rosidl_generator_cpp: 3.1.5 (/opt/ros/humble/share/rosidl_generator_cpp/cmake)\n'}
[0.866283] (turtlebot4_cpp) StdoutLine: {'line': b'-- Using all available rosidl_typesupport_c: rosidl_typesupport_fastrtps_c;rosidl_typesupport_introspection_c\n'}
[0.867024] (-) TimerEvent: {}
[0.893500] (turtlebot4_cpp) StdoutLine: {'line': b'-- Using all available rosidl_typesupport_cpp: rosidl_typesupport_fastrtps_cpp;rosidl_typesupport_introspection_cpp\n'}
[0.967827] (-) TimerEvent: {}
[1.004211] (turtlebot4_cpp) StdoutLine: {'line': b'-- Found rmw_implementation_cmake: 6.1.1 (/opt/ros/humble/share/rmw_implementation_cmake/cmake)\n'}
[1.056025] (turtlebot4_cpp) StdoutLine: {'line': b'-- Found rmw_fastrtps_cpp: 6.2.5 (/opt/ros/humble/share/rmw_fastrtps_cpp/cmake)\n'}
[1.069902] (-) TimerEvent: {}
[1.171002] (-) TimerEvent: {}
[1.272938] (-) TimerEvent: {}
[1.279153] (turtlebot4_cpp) StdoutLine: {'line': b"-- Using RMW implementation 'rmw_fastrtps_cpp' as default\n"}
[1.373552] (-) TimerEvent: {}
[1.476234] (-) TimerEvent: {}
[1.544727] (turtlebot4_cpp) StdoutLine: {'line': b'-- Found irobot_create_msgs: 2.1.0 (/opt/ros/humble/share/irobot_create_msgs/cmake)\n'}
[1.576460] (-) TimerEvent: {}
[1.677087] (-) TimerEvent: {}
[1.777698] (-) TimerEvent: {}
[1.878880] (-) TimerEvent: {}
[1.932436] (turtlebot4_cpp) StdoutLine: {'line': b'-- Found ament_lint_auto: 0.12.9 (/opt/ros/humble/share/ament_lint_auto/cmake)\n'}
[1.978990] (-) TimerEvent: {}
[2.044837] (turtlebot4_cpp) StdoutLine: {'line': b"-- Added test 'cppcheck' to perform static code analysis on C / C++ code\n"}
[2.045332] (turtlebot4_cpp) StdoutLine: {'line': b'-- Configured cppcheck include dirs: $<BUILD_INTERFACE:/home/ros/turtlebot4_ws/src/turtlebot4_cpp/include>\n'}
[2.045430] (turtlebot4_cpp) StdoutLine: {'line': b'-- Configured cppcheck exclude dirs and/or files: \n'}
[2.045874] (turtlebot4_cpp) StdoutLine: {'line': b"-- Added test 'lint_cmake' to check CMake code style\n"}
[2.050959] (turtlebot4_cpp) StdoutLine: {'line': b"-- Added test 'uncrustify' to check C / C++ code style\n"}
[2.051182] (turtlebot4_cpp) StdoutLine: {'line': b'-- Configured uncrustify additional arguments: \n'}
[2.051282] (turtlebot4_cpp) StdoutLine: {'line': b"-- Added test 'xmllint' to check XML markup files\n"}
[2.052227] (turtlebot4_cpp) StdoutLine: {'line': b'-- Configuring done\n'}
[2.072530] (turtlebot4_cpp) StdoutLine: {'line': b'-- Generating done\n'}
[2.076360] (turtlebot4_cpp) StdoutLine: {'line': b'-- Build files have been written to: /home/ros/turtlebot4_ws/build/turtlebot4_cpp\n'}
[2.080047] (-) TimerEvent: {}
[2.123098] (turtlebot4_cpp) StdoutLine: {'line': b'\x1b[35m\x1b[1mConsolidate compiler generated dependencies of target turtlebot4_cpp_node\x1b[0m\n'}
[2.155836] (turtlebot4_cpp) StdoutLine: {'line': b'[ 50%] \x1b[32m\x1b[1mLinking CXX executable turtlebot4_cpp_node\x1b[0m\n'}
[2.180265] (-) TimerEvent: {}
[2.283534] (-) TimerEvent: {}
[2.386750] (-) TimerEvent: {}
[2.499548] (-) TimerEvent: {}
[2.600709] (-) TimerEvent: {}
[2.701369] (-) TimerEvent: {}
[2.803737] (-) TimerEvent: {}
[2.814310] (turtlebot4_cpp) StderrLine: {'line': b"/usr/bin/ld: CMakeFiles/turtlebot4_cpp_node.dir/src/turtlebot4_cpp_node.cpp.o: in function `TurtleBot4Node::path()':\n"}
[2.814504] (turtlebot4_cpp) StderrLine: {'line': b"turtlebot4_cpp_node.cpp:(.text._ZN14TurtleBot4Node4pathEv[_ZN14TurtleBot4Node4pathEv]+0x170): undefined reference to `Vector3::normalize()'\n"}
[2.814585] (turtlebot4_cpp) StderrLine: {'line': b"/usr/bin/ld: turtlebot4_cpp_node.cpp:(.text._ZN14TurtleBot4Node4pathEv[_ZN14TurtleBot4Node4pathEv]+0x189): undefined reference to `Vector3::angleBetweenVectors(Vector3 const&) const'\n"}
[2.896851] (turtlebot4_cpp) StderrLine: {'line': b'collect2: error: ld returned 1 exit status\n'}
[2.899934] (turtlebot4_cpp) StderrLine: {'line': b'gmake[2]: *** [CMakeFiles/turtlebot4_cpp_node.dir/build.make:191: turtlebot4_cpp_node] Error 1\n'}
[2.900105] (turtlebot4_cpp) StderrLine: {'line': b'gmake[1]: *** [CMakeFiles/Makefile2:137: CMakeFiles/turtlebot4_cpp_node.dir/all] Error 2\n'}
[2.900521] (turtlebot4_cpp) StderrLine: {'line': b'gmake: *** [Makefile:146: all] Error 2\n'}
[2.904781] (turtlebot4_cpp) CommandEnded: {'returncode': 2}
[2.905322] (-) TimerEvent: {}
[3.034747] (-) TimerEvent: {}
[3.135951] (-) TimerEvent: {}
[3.208821] (turtlebot4_cpp) JobEnded: {'identifier': 'turtlebot4_cpp', 'rc': 2}
[3.219898] (-) EventReactorShutdown: {}
