[0.199s] Invoking command in '/home/ros/turtlebot4_ws/build/turtlebot4_cpp': CMAKE_PREFIX_PATH=/opt/ros/humble /usr/bin/cmake --build /home/ros/turtlebot4_ws/build/turtlebot4_cpp -- -j6 -l6
[0.349s] [ 50%] [32mBuilding CXX object CMakeFiles/turtlebot4_cpp_node.dir/src/turtlebot4_cpp_node.cpp.o[0m
[19.730s] [100%] [32m[1mLinking CXX executable turtlebot4_cpp_node[0m
[20.310s] /usr/bin/ld: CMakeFiles/turtlebot4_cpp_node.dir/src/turtlebot4_cpp_node.cpp.o: in function `TurtleBot4Node::path()':
[20.311s] turtlebot4_cpp_node.cpp:(.text._ZN14TurtleBot4Node4pathEv[_ZN14TurtleBot4Node4pathEv]+0x170): undefined reference to `Vector3::normalize()'
[20.321s] /usr/bin/ld: turtlebot4_cpp_node.cpp:(.text._ZN14TurtleBot4Node4pathEv[_ZN14TurtleBot4Node4pathEv]+0x189): undefined reference to `Vector3::angleBetweenVectors(Vector3 const&) const'
[20.368s] collect2: error: ld returned 1 exit status
[20.370s] gmake[2]: *** [CMakeFiles/turtlebot4_cpp_node.dir/build.make:191: turtlebot4_cpp_node] Error 1
[20.371s] gmake[1]: *** [CMakeFiles/Makefile2:137: CMakeFiles/turtlebot4_cpp_node.dir/all] Error 2
[20.371s] gmake: *** [Makefile:146: all] Error 2
[20.375s] Invoked command in '/home/ros/turtlebot4_ws/build/turtlebot4_cpp' returned '2': CMAKE_PREFIX_PATH=/opt/ros/humble /usr/bin/cmake --build /home/ros/turtlebot4_ws/build/turtlebot4_cpp -- -j6 -l6
