[0.118s] Invoking command in '/home/ros/turtlebot4_ws/src/build/turtlebot4_cpp': CMAKE_PREFIX_PATH=/opt/ros/humble /usr/bin/cmake /home/ros/turtlebot4_ws/src/turtlebot4_cpp -DCMAKE_INSTALL_PREFIX=/home/ros/turtlebot4_ws/src/install/turtlebot4_cpp
[0.417s] -- The C compiler identification is GNU 11.4.0
[0.575s] -- The CXX compiler identification is GNU 11.4.0
[0.594s] -- Detecting C compiler ABI info
[0.883s] -- Detecting C compiler ABI info - done
[0.897s] -- Check for working C compiler: /usr/bin/cc - skipped
[0.897s] -- Detecting C compile features
[0.897s] -- Detecting C compile features - done
[0.913s] -- Detecting CXX compiler ABI info
[1.315s] -- Detecting CXX compiler ABI info - done
[1.327s] -- Check for working CXX compiler: /usr/bin/c++ - skipped
[1.328s] -- Detecting CXX compile features
[1.329s] -- Detecting CXX compile features - done
[1.332s] -- Found ament_cmake: 1.3.6 (/opt/ros/humble/share/ament_cmake/cmake)
[1.690s] -- Found Python3: /usr/bin/python3.10 (found version "3.10.12") found components: Interpreter 
[1.839s] -- Found rclcpp: 16.0.7 (/opt/ros/humble/share/rclcpp/cmake)
[1.908s] -- Found rosidl_generator_c: 3.1.5 (/opt/ros/humble/share/rosidl_generator_c/cmake)
[1.914s] -- Found rosidl_adapter: 3.1.5 (/opt/ros/humble/share/rosidl_adapter/cmake)
[1.926s] -- Found rosidl_generator_cpp: 3.1.5 (/opt/ros/humble/share/rosidl_generator_cpp/cmake)
[1.946s] -- Using all available rosidl_typesupport_c: rosidl_typesupport_fastrtps_c;rosidl_typesupport_introspection_c
[1.974s] -- Using all available rosidl_typesupport_cpp: rosidl_typesupport_fastrtps_cpp;rosidl_typesupport_introspection_cpp
[2.074s] -- Found rmw_implementation_cmake: 6.1.1 (/opt/ros/humble/share/rmw_implementation_cmake/cmake)
[2.077s] -- Found rmw_fastrtps_cpp: 6.2.5 (/opt/ros/humble/share/rmw_fastrtps_cpp/cmake)
[2.403s] -- Found OpenSSL: /usr/lib/x86_64-linux-gnu/libcrypto.so (found version "3.0.2")  
[2.444s] -- Found FastRTPS: /opt/ros/humble/include  
[2.523s] -- Using RMW implementation 'rmw_fastrtps_cpp' as default
[2.538s] -- Looking for pthread.h
[2.760s] -- Looking for pthread.h - found
[2.761s] -- Performing Test CMAKE_HAVE_LIBC_PTHREAD
[3.038s] -- Performing Test CMAKE_HAVE_LIBC_PTHREAD - Success
[3.042s] -- Found Threads: TRUE  
[3.366s] -- Found irobot_create_msgs: 2.1.0 (/opt/ros/humble/share/irobot_create_msgs/cmake)
[3.830s] -- Found ament_lint_auto: 0.12.9 (/opt/ros/humble/share/ament_lint_auto/cmake)
[3.973s] -- Added test 'cppcheck' to perform static code analysis on C / C++ code
[3.974s] -- Configured cppcheck include dirs: $<BUILD_INTERFACE:/home/ros/turtlebot4_ws/src/turtlebot4_cpp/include>
[3.974s] -- Configured cppcheck exclude dirs and/or files: 
[3.975s] -- Added test 'lint_cmake' to check CMake code style
[3.977s] -- Added test 'uncrustify' to check C / C++ code style
[3.978s] -- Configured uncrustify additional arguments: 
[3.978s] -- Added test 'xmllint' to check XML markup files
[3.980s] -- Configuring done
[3.995s] -- Generating done
[3.997s] -- Build files have been written to: /home/ros/turtlebot4_ws/src/build/turtlebot4_cpp
[4.014s] Invoked command in '/home/ros/turtlebot4_ws/src/build/turtlebot4_cpp' returned '0': CMAKE_PREFIX_PATH=/opt/ros/humble /usr/bin/cmake /home/ros/turtlebot4_ws/src/turtlebot4_cpp -DCMAKE_INSTALL_PREFIX=/home/ros/turtlebot4_ws/src/install/turtlebot4_cpp
[4.014s] Invoking command in '/home/ros/turtlebot4_ws/src/build/turtlebot4_cpp': CMAKE_PREFIX_PATH=/opt/ros/humble /usr/bin/cmake --build /home/ros/turtlebot4_ws/src/build/turtlebot4_cpp -- -j6 -l6
[4.155s] [ 50%] [32mBuilding CXX object CMakeFiles/turtlebot4_cpp_node.dir/src/turtlebot4_cpp_node.cpp.o[0m
[8.046s] [01m[K/home/ros/turtlebot4_ws/src/turtlebot4_cpp/src/turtlebot4_cpp_node.cpp:[m[K In function â€˜[01m[Kint main(int, char**)[m[Kâ€™:
[8.046s] [01m[K/home/ros/turtlebot4_ws/src/turtlebot4_cpp/src/turtlebot4_cpp_node.cpp:15:33:[m[K [01;31m[Kerror: [m[Kâ€˜[01m[KTurtleBot4FirstNode[m[Kâ€™ was not declared in this scope
[8.046s]    15 |   rclcpp::spin(std::make_shared<[01;31m[KTurtleBot4FirstNode[m[K>());
[8.046s]       |                                 [01;31m[K^~~~~~~~~~~~~~~~~~~[m[K
[8.046s] [01m[K/home/ros/turtlebot4_ws/src/turtlebot4_cpp/src/turtlebot4_cpp_node.cpp:15:53:[m[K [01;31m[Kerror: [m[Kno matching function for call to â€˜[01m[Kmake_shared<<expression error> >()[m[Kâ€™
[8.046s]    15 |   rclcpp::spin([01;31m[Kstd::make_shared<TurtleBot4FirstNode>()[m[K);
[8.046s]       |                [01;31m[K~~~~~~~~~~~~~~~~~~~~~~~~~~~~~~~~~~~~~^~[m[K
[8.047s] In file included from [01m[K/usr/include/c++/11/memory:77[m[K,
[8.047s]                  from [01m[K/home/ros/turtlebot4_ws/src/turtlebot4_cpp/src/turtlebot4_cpp_node.cpp:4[m[K:
[8.047s] [01m[K/usr/include/c++/11/bits/shared_ptr.h:875:5:[m[K [01;36m[Knote: [m[Kcandidate: â€˜[01m[Ktemplate<class _Tp, class ... _Args> std::shared_ptr<_Tp> std::make_shared(_Args&& ...)[m[Kâ€™
[8.047s]   875 |     [01;36m[Kmake_shared[m[K(_Args&&... __args)
[8.047s]       |     [01;36m[K^~~~~~~~~~~[m[K
[8.047s] [01m[K/usr/include/c++/11/bits/shared_ptr.h:875:5:[m[K [01;36m[Knote: [m[K  template argument deduction/substitution failed:
[8.047s] [01m[K/home/ros/turtlebot4_ws/src/turtlebot4_cpp/src/turtlebot4_cpp_node.cpp:15:53:[m[K [01;31m[Kerror: [m[Ktemplate argument 1 is invalid
[8.047s]    15 |   rclcpp::spin([01;31m[Kstd::make_shared<TurtleBot4FirstNode>()[m[K);
[8.047s]       |                [01;31m[K~~~~~~~~~~~~~~~~~~~~~~~~~~~~~~~~~~~~~^~[m[K
[12.328s] gmake[2]: *** [CMakeFiles/turtlebot4_cpp_node.dir/build.make:76: CMakeFiles/turtlebot4_cpp_node.dir/src/turtlebot4_cpp_node.cpp.o] Error 1
[12.376s] gmake[1]: *** [CMakeFiles/Makefile2:137: CMakeFiles/turtlebot4_cpp_node.dir/all] Error 2
[12.377s] gmake: *** [Makefile:146: all] Error 2
[12.443s] Invoked command in '/home/ros/turtlebot4_ws/src/build/turtlebot4_cpp' returned '2': CMAKE_PREFIX_PATH=/opt/ros/humble /usr/bin/cmake --build /home/ros/turtlebot4_ws/src/build/turtlebot4_cpp -- -j6 -l6
