[0.101s] Invoking command in '/home/ros/turtlebot4_ws/build/turtlebot4_cpp': CMAKE_PREFIX_PATH=${CMAKE_PREFIX_PATH}:/home/ros/turtlebot4_ws/install/turtlebot4_py:/opt/ros/humble /usr/bin/cmake --build /home/ros/turtlebot4_ws/build/turtlebot4_cpp -- -j6 -l6
[0.188s] -- Found ament_cmake: 1.3.6 (/opt/ros/humble/share/ament_cmake/cmake)
[0.582s] -- Found rclcpp: 16.0.7 (/opt/ros/humble/share/rclcpp/cmake)
[0.734s] -- Found rosidl_generator_c: 3.1.5 (/opt/ros/humble/share/rosidl_generator_c/cmake)
[0.753s] -- Found rosidl_adapter: 3.1.5 (/opt/ros/humble/share/rosidl_adapter/cmake)
[0.799s] -- Found rosidl_generator_cpp: 3.1.5 (/opt/ros/humble/share/rosidl_generator_cpp/cmake)
[0.846s] -- Using all available rosidl_typesupport_c: rosidl_typesupport_fastrtps_c;rosidl_typesupport_introspection_c
[0.908s] -- Using all available rosidl_typesupport_cpp: rosidl_typesupport_fastrtps_cpp;rosidl_typesupport_introspection_cpp
[1.186s] -- Found rmw_implementation_cmake: 6.1.1 (/opt/ros/humble/share/rmw_implementation_cmake/cmake)
[1.202s] -- Found rmw_fastrtps_cpp: 6.2.5 (/opt/ros/humble/share/rmw_fastrtps_cpp/cmake)
[1.420s] -- Using RMW implementation 'rmw_fastrtps_cpp' as default
[1.747s] -- Found rclcpp_action: 16.0.7 (/opt/ros/humble/share/rclcpp_action/cmake)
[1.995s] -- Found irobot_create_msgs: 2.1.0 (/opt/ros/humble/share/irobot_create_msgs/cmake)
[2.265s] -- Found ament_lint_auto: 0.12.9 (/opt/ros/humble/share/ament_lint_auto/cmake)
[2.416s] -- Added test 'cppcheck' to perform static code analysis on C / C++ code
[2.416s] -- Configured cppcheck include dirs: $<BUILD_INTERFACE:/home/ros/turtlebot4_ws/src/turtlebot4_cpp/include>
[2.416s] -- Configured cppcheck exclude dirs and/or files: 
[2.418s] -- Added test 'lint_cmake' to check CMake code style
[2.421s] -- Added test 'uncrustify' to check C / C++ code style
[2.421s] -- Configured uncrustify additional arguments: 
[2.423s] -- Added test 'xmllint' to check XML markup files
[2.426s] -- Configuring done
[2.536s] -- Generating done
[2.554s] -- Build files have been written to: /home/ros/turtlebot4_ws/build/turtlebot4_cpp
[2.596s] [35m[1mConsolidate compiler generated dependencies of target turtlebot4_cpp_node[0m
[2.641s] [ 50%] [32mBuilding CXX object CMakeFiles/turtlebot4_cpp_node.dir/src/turtlebot4_cpp_node.cpp.o[0m
[2.979s] [01m[K/home/ros/turtlebot4_ws/src/turtlebot4_cpp/src/turtlebot4_cpp_node.cpp:10:10:[m[K [01;31m[Kfatal error: [m[Krclcpp_action/rclcpp_action.hpp: No such file or directory
[2.979s]    10 | #include [01;31m[K"rclcpp_action/rclcpp_action.hpp"[m[K
[2.979s]       |          [01;31m[K^~~~~~~~~~~~~~~~~~~~~~~~~~~~~~~~~[m[K
[2.979s] compilation terminated.
[2.985s] gmake[2]: *** [CMakeFiles/turtlebot4_cpp_node.dir/build.make:76: CMakeFiles/turtlebot4_cpp_node.dir/src/turtlebot4_cpp_node.cpp.o] Error 1
[2.986s] gmake[1]: *** [CMakeFiles/Makefile2:137: CMakeFiles/turtlebot4_cpp_node.dir/all] Error 2
[2.986s] gmake: *** [Makefile:146: all] Error 2
[2.998s] Invoked command in '/home/ros/turtlebot4_ws/build/turtlebot4_cpp' returned '2': CMAKE_PREFIX_PATH=${CMAKE_PREFIX_PATH}:/home/ros/turtlebot4_ws/install/turtlebot4_py:/opt/ros/humble /usr/bin/cmake --build /home/ros/turtlebot4_ws/build/turtlebot4_cpp -- -j6 -l6
