[0.270s] Invoking command in '/home/ros/turtlebot4_ws/build/turtlebot4_cpp': CMAKE_PREFIX_PATH=/opt/ros/humble /usr/bin/cmake /home/ros/turtlebot4_ws/src/turtlebot4_cpp -DCMAKE_INSTALL_PREFIX=/home/ros/turtlebot4_ws/install/turtlebot4_cpp
[0.328s] -- Found ament_cmake: 1.3.6 (/opt/ros/humble/share/ament_cmake/cmake)
[1.081s] -- Found rclcpp: 16.0.7 (/opt/ros/humble/share/rclcpp/cmake)
[1.174s] -- Found rosidl_generator_c: 3.1.5 (/opt/ros/humble/share/rosidl_generator_c/cmake)
[1.181s] -- Found rosidl_adapter: 3.1.5 (/opt/ros/humble/share/rosidl_adapter/cmake)
[1.196s] -- Found rosidl_generator_cpp: 3.1.5 (/opt/ros/humble/share/rosidl_generator_cpp/cmake)
[1.228s] -- Using all available rosidl_typesupport_c: rosidl_typesupport_fastrtps_c;rosidl_typesupport_introspection_c
[1.361s] -- Using all available rosidl_typesupport_cpp: rosidl_typesupport_fastrtps_cpp;rosidl_typesupport_introspection_cpp
[1.620s] -- Found rmw_implementation_cmake: 6.1.1 (/opt/ros/humble/share/rmw_implementation_cmake/cmake)
[1.623s] -- Found rmw_fastrtps_cpp: 6.2.5 (/opt/ros/humble/share/rmw_fastrtps_cpp/cmake)
[2.008s] -- Using RMW implementation 'rmw_fastrtps_cpp' as default
[2.306s] -- Found irobot_create_msgs: 2.1.0 (/opt/ros/humble/share/irobot_create_msgs/cmake)
[2.791s] -- Found ament_lint_auto: 0.12.9 (/opt/ros/humble/share/ament_lint_auto/cmake)
[3.175s] -- Added test 'cppcheck' to perform static code analysis on C / C++ code
[3.176s] -- Configured cppcheck include dirs: $<BUILD_INTERFACE:/home/ros/turtlebot4_ws/src/turtlebot4_cpp/include>
[3.176s] -- Configured cppcheck exclude dirs and/or files: 
[3.177s] -- Added test 'lint_cmake' to check CMake code style
[3.180s] -- Added test 'uncrustify' to check C / C++ code style
[3.181s] -- Configured uncrustify additional arguments: 
[3.183s] -- Added test 'xmllint' to check XML markup files
[3.188s] -- Configuring done
[3.206s] -- Generating done
[3.208s] -- Build files have been written to: /home/ros/turtlebot4_ws/build/turtlebot4_cpp
[3.227s] Invoked command in '/home/ros/turtlebot4_ws/build/turtlebot4_cpp' returned '0': CMAKE_PREFIX_PATH=/opt/ros/humble /usr/bin/cmake /home/ros/turtlebot4_ws/src/turtlebot4_cpp -DCMAKE_INSTALL_PREFIX=/home/ros/turtlebot4_ws/install/turtlebot4_cpp
[3.255s] Invoking command in '/home/ros/turtlebot4_ws/build/turtlebot4_cpp': CMAKE_PREFIX_PATH=/opt/ros/humble /usr/bin/cmake --build /home/ros/turtlebot4_ws/build/turtlebot4_cpp -- -j6 -l6
[3.453s] [ 50%] [32mBuilding CXX object CMakeFiles/turtlebot4_cpp_node.dir/src/turtlebot4_cpp_node.cpp.o[0m
[9.183s] [01m[K/home/ros/turtlebot4_ws/src/turtlebot4_cpp/src/turtlebot4_cpp_node.cpp:[m[K In function â€˜[01m[Kint main(int, char**)[m[Kâ€™:
[9.183s] [01m[K/home/ros/turtlebot4_ws/src/turtlebot4_cpp/src/turtlebot4_cpp_node.cpp:15:33:[m[K [01;31m[Kerror: [m[Kâ€˜[01m[KTurtleBot4FirstNode[m[Kâ€™ was not declared in this scope
[9.183s]    15 |   rclcpp::spin(std::make_shared<[01;31m[KTurtleBot4FirstNode[m[K>());
[9.183s]       |                                 [01;31m[K^~~~~~~~~~~~~~~~~~~[m[K
[9.183s] [01m[K/home/ros/turtlebot4_ws/src/turtlebot4_cpp/src/turtlebot4_cpp_node.cpp:15:53:[m[K [01;31m[Kerror: [m[Kno matching function for call to â€˜[01m[Kmake_shared<<expression error> >()[m[Kâ€™
[9.183s]    15 |   rclcpp::spin([01;31m[Kstd::make_shared<TurtleBot4FirstNode>()[m[K);
[9.183s]       |                [01;31m[K~~~~~~~~~~~~~~~~~~~~~~~~~~~~~~~~~~~~~^~[m[K
[9.184s] In file included from [01m[K/usr/include/c++/11/memory:77[m[K,
[9.185s]                  from [01m[K/home/ros/turtlebot4_ws/src/turtlebot4_cpp/src/turtlebot4_cpp_node.cpp:4[m[K:
[9.185s] [01m[K/usr/include/c++/11/bits/shared_ptr.h:875:5:[m[K [01;36m[Knote: [m[Kcandidate: â€˜[01m[Ktemplate<class _Tp, class ... _Args> std::shared_ptr<_Tp> std::make_shared(_Args&& ...)[m[Kâ€™
[9.185s]   875 |     [01;36m[Kmake_shared[m[K(_Args&&... __args)
[9.185s]       |     [01;36m[K^~~~~~~~~~~[m[K
[9.185s] [01m[K/usr/include/c++/11/bits/shared_ptr.h:875:5:[m[K [01;36m[Knote: [m[K  template argument deduction/substitution failed:
[9.185s] [01m[K/home/ros/turtlebot4_ws/src/turtlebot4_cpp/src/turtlebot4_cpp_node.cpp:15:53:[m[K [01;31m[Kerror: [m[Ktemplate argument 1 is invalid
[9.185s]    15 |   rclcpp::spin([01;31m[Kstd::make_shared<TurtleBot4FirstNode>()[m[K);
[9.185s]       |                [01;31m[K~~~~~~~~~~~~~~~~~~~~~~~~~~~~~~~~~~~~~^~[m[K
[9.263s] [01m[K/home/ros/turtlebot4_ws/src/turtlebot4_cpp/src/turtlebot4_cpp_node.cpp:[m[K In constructor â€˜[01m[KTurtleBot4FirstNode::TurtleBot4FirstNode()[m[Kâ€™:
[9.263s] [01m[K/home/ros/turtlebot4_ws/src/turtlebot4_cpp/src/turtlebot4_cpp_node.cpp:31:18:[m[K [01;31m[Kerror: [m[Kâ€˜[01m[KTurtleBot4Node[m[Kâ€™ has not been declared
[9.264s]    31 |       std::bind(&[01;31m[KTurtleBot4Node[m[K::interface_buttons_callback, this, std::placeholders::_1));
[9.264s]       |                  [01;31m[K^~~~~~~~~~~~~~[m[K
[10.100s] gmake[2]: *** [CMakeFiles/turtlebot4_cpp_node.dir/build.make:76: CMakeFiles/turtlebot4_cpp_node.dir/src/turtlebot4_cpp_node.cpp.o] Error 1
[10.101s] gmake[1]: *** [CMakeFiles/Makefile2:137: CMakeFiles/turtlebot4_cpp_node.dir/all] Error 2
[10.101s] gmake: *** [Makefile:146: all] Error 2
[10.109s] Invoked command in '/home/ros/turtlebot4_ws/build/turtlebot4_cpp' returned '2': CMAKE_PREFIX_PATH=/opt/ros/humble /usr/bin/cmake --build /home/ros/turtlebot4_ws/build/turtlebot4_cpp -- -j6 -l6
