In file included from [01m[K/opt/ros/humble/include/rclcpp/rclcpp/client.hpp:40[m[K,
                 from [01m[K/opt/ros/humble/include/rclcpp/rclcpp/callback_group.hpp:24[m[K,
                 from [01m[K/opt/ros/humble/include/rclcpp/rclcpp/any_executable.hpp:20[m[K,
                 from [01m[K/opt/ros/humble/include/rclcpp/rclcpp/memory_strategy.hpp:25[m[K,
                 from [01m[K/opt/ros/humble/include/rclcpp/rclcpp/memory_strategies.hpp:18[m[K,
                 from [01m[K/opt/ros/humble/include/rclcpp/rclcpp/executor_options.hpp:20[m[K,
                 from [01m[K/opt/ros/humble/include/rclcpp/rclcpp/executor.hpp:37[m[K,
                 from [01m[K/opt/ros/humble/include/rclcpp/rclcpp/executors/multi_threaded_executor.hpp:25[m[K,
                 from [01m[K/opt/ros/humble/include/rclcpp/rclcpp/executors.hpp:21[m[K,
                 from [01m[K/opt/ros/humble/include/rclcpp/rclcpp/rclcpp.hpp:155[m[K,
                 from [01m[K/home/ros/turtlebot4_ws/src/turtlebot4_cpp/src/turtlebot4_cpp_node.cpp:9[m[K:
[01m[K/home/ros/turtlebot4_ws/src/turtlebot4_cpp/src/turtlebot4_cpp_node.cpp:[m[K In member function â€˜[01m[Kvoid TurtleBot4Node::battery_state_callback(sensor_msgs::msg::BatteryState)[m[Kâ€™:
[01m[K/home/ros/turtlebot4_ws/src/turtlebot4_cpp/src/turtlebot4_cpp_node.cpp:48:23:[m[K [01;31m[Kerror: [m[Kâ€˜[01m[Kclass TurtleBot4Node[m[Kâ€™ has no member named â€˜[01m[Klogger[m[Kâ€™; did you mean â€˜[01m[Kget_logger[m[Kâ€™?
   48 |     RCLCPP_INFO(this->[01;31m[Klogger[m[K(), bstate.percentage*100);
      |                       [01;31m[K^~~~~~[m[K
[01m[K/home/ros/turtlebot4_ws/src/turtlebot4_cpp/src/turtlebot4_cpp_node.cpp:48:23:[m[K [01;31m[Kerror: [m[Kâ€˜[01m[Kclass TurtleBot4Node[m[Kâ€™ has no member named â€˜[01m[Klogger[m[Kâ€™; did you mean â€˜[01m[Kget_logger[m[Kâ€™?
[01m[K/home/ros/turtlebot4_ws/src/turtlebot4_cpp/src/turtlebot4_cpp_node.cpp:48:5:[m[K [01;31m[Kerror: [m[Ktemplate argument 1 is invalid
   48 |     [01;31m[KRCLCPP_INFO[m[K(this->logger(), bstate.percentage*100);
      |     [01;31m[K^~~~~~~~~~~[m[K
[01m[K/home/ros/turtlebot4_ws/src/turtlebot4_cpp/src/turtlebot4_cpp_node.cpp:48:5:[m[K [01;31m[Kerror: [m[Kâ€˜[01m[K<declaration error>[m[Kâ€™ is not a template [[01;31m[K]8;;https://gcc.gnu.org/onlinedocs/gcc/Warning-Options.html#index-fpermissive-fpermissive]8;;[m[K]
   48 |     [01;31m[KRCLCPP_INFO[m[K(this->logger(), bstate.percentage*100);
      |     [01;31m[K^~~~~~~~~~~[m[K
[01m[K/home/ros/turtlebot4_ws/src/turtlebot4_cpp/src/turtlebot4_cpp_node.cpp:48:5:[m[K [01;31m[Kerror: [m[Ktemplate argument 1 is invalid
   48 |     [01;31m[KRCLCPP_INFO[m[K(this->logger(), bstate.percentage*100);
      |     [01;31m[K^~~~~~~~~~~[m[K
[01m[K/home/ros/turtlebot4_ws/src/turtlebot4_cpp/src/turtlebot4_cpp_node.cpp:48:5:[m[K [01;31m[Kerror: [m[Kâ€˜[01m[K<declaration error>[m[Kâ€™ is not a template [[01;31m[K]8;;https://gcc.gnu.org/onlinedocs/gcc/Warning-Options.html#index-fpermissive-fpermissive]8;;[m[K]
   48 |     [01;31m[KRCLCPP_INFO[m[K(this->logger(), bstate.percentage*100);
      |     [01;31m[K^~~~~~~~~~~[m[K
[01m[K/home/ros/turtlebot4_ws/src/turtlebot4_cpp/src/turtlebot4_cpp_node.cpp:48:5:[m[K [01;31m[Kerror: [m[Ktemplate argument 1 is invalid
   48 |     [01;31m[KRCLCPP_INFO[m[K(this->logger(), bstate.percentage*100);
      |     [01;31m[K^~~~~~~~~~~[m[K
In file included from [01m[K/opt/ros/humble/include/rclcpp/rclcpp/logging.hpp:24[m[K,
                 from [01m[K/opt/ros/humble/include/rclcpp/rclcpp/client.hpp:40[m[K,
                 from [01m[K/opt/ros/humble/include/rclcpp/rclcpp/callback_group.hpp:24[m[K,
                 from [01m[K/opt/ros/humble/include/rclcpp/rclcpp/any_executable.hpp:20[m[K,
                 from [01m[K/opt/ros/humble/include/rclcpp/rclcpp/memory_strategy.hpp:25[m[K,
                 from [01m[K/opt/ros/humble/include/rclcpp/rclcpp/memory_strategies.hpp:18[m[K,
                 from [01m[K/opt/ros/humble/include/rclcpp/rclcpp/executor_options.hpp:20[m[K,
                 from [01m[K/opt/ros/humble/include/rclcpp/rclcpp/executor.hpp:37[m[K,
                 from [01m[K/opt/ros/humble/include/rclcpp/rclcpp/executors/multi_threaded_executor.hpp:25[m[K,
                 from [01m[K/opt/ros/humble/include/rclcpp/rclcpp/executors.hpp:21[m[K,
                 from [01m[K/opt/ros/humble/include/rclcpp/rclcpp/rclcpp.hpp:155[m[K,
                 from [01m[K/home/ros/turtlebot4_ws/src/turtlebot4_cpp/src/turtlebot4_cpp_node.cpp:9[m[K:
[01m[K/home/ros/turtlebot4_ws/src/turtlebot4_cpp/src/turtlebot4_cpp_node.cpp:48:23:[m[K [01;31m[Kerror: [m[Kâ€˜[01m[Kclass TurtleBot4Node[m[Kâ€™ has no member named â€˜[01m[Klogger[m[Kâ€™; did you mean â€˜[01m[Kget_logger[m[Kâ€™?
   48 |     RCLCPP_INFO(this->[01;31m[Klogger[m[K(), bstate.percentage*100);
      |                       [01;31m[K^~~~~~[m[K
[01m[K/home/ros/turtlebot4_ws/src/turtlebot4_cpp/src/turtlebot4_cpp_node.cpp:48:23:[m[K [01;31m[Kerror: [m[Kâ€˜[01m[Kclass TurtleBot4Node[m[Kâ€™ has no member named â€˜[01m[Klogger[m[Kâ€™; did you mean â€˜[01m[Kget_logger[m[Kâ€™?
   48 |     RCLCPP_INFO(this->[01;31m[Klogger[m[K(), bstate.percentage*100);
      |                       [01;31m[K^~~~~~[m[K
gmake[2]: *** [CMakeFiles/turtlebot4_cpp_node.dir/build.make:76: CMakeFiles/turtlebot4_cpp_node.dir/src/turtlebot4_cpp_node.cpp.o] Error 1
gmake[1]: *** [CMakeFiles/Makefile2:137: CMakeFiles/turtlebot4_cpp_node.dir/all] Error 2
gmake: *** [Makefile:146: all] Error 2
