[0.263s] Invoking command in '/home/ros/turtlebot4_ws/build/turtlebot4_cpp': CMAKE_PREFIX_PATH=/opt/ros/humble /usr/bin/cmake --build /home/ros/turtlebot4_ws/build/turtlebot4_cpp -- -j6 -l6
[0.713s] [35m[1mConsolidate compiler generated dependencies of target turtlebot4_cpp_node[0m
[0.791s] [ 50%] [32mBuilding CXX object CMakeFiles/turtlebot4_cpp_node.dir/src/turtlebot4_cpp_node.cpp.o[0m
[9.329s] [01m[K/home/ros/turtlebot4_ws/src/turtlebot4_cpp/src/turtlebot4_cpp_node.cpp:[m[K In member function â€˜[01m[Kvoid TurtleBot4Node::path()[m[Kâ€™:
[9.329s] [01m[K/home/ros/turtlebot4_ws/src/turtlebot4_cpp/src/turtlebot4_cpp_node.cpp:92:52:[m[K [01;31m[Kerror: [m[Kâ€˜[01m[Kang[m[Kâ€™ was not declared in this scope
[9.329s]    92 |       log << "published path:" << "\n\tangle: " << [01;31m[Kang[m[K << " mag: " << mag;
[9.329s]       |                                                    [01;31m[K^~~[m[K
[9.346s] [01m[K/home/ros/turtlebot4_ws/src/turtlebot4_cpp/src/turtlebot4_cpp_node.cpp:76:13:[m[K [01;35m[Kwarning: [m[Kunused variable â€˜[01m[Kdirdot[m[Kâ€™ [[01;35m[K]8;;https://gcc.gnu.org/onlinedocs/gcc/Warning-Options.html#index-Wunused-variable-Wunused-variable]8;;[m[K]
[9.346s]    76 |       float [01;35m[Kdirdot[m[K = current_dir[0]*delta_xn + current_dir[1]*delta_yn;
[9.346s]       |             [01;35m[K^~~~~~[m[K
[17.359s] gmake[2]: *** [CMakeFiles/turtlebot4_cpp_node.dir/build.make:76: CMakeFiles/turtlebot4_cpp_node.dir/src/turtlebot4_cpp_node.cpp.o] Error 1
[17.360s] gmake[1]: *** [CMakeFiles/Makefile2:137: CMakeFiles/turtlebot4_cpp_node.dir/all] Error 2
[17.360s] gmake: *** [Makefile:146: all] Error 2
[17.397s] Invoked command in '/home/ros/turtlebot4_ws/build/turtlebot4_cpp' returned '2': CMAKE_PREFIX_PATH=/opt/ros/humble /usr/bin/cmake --build /home/ros/turtlebot4_ws/build/turtlebot4_cpp -- -j6 -l6
