[35m[1mConsolidate compiler generated dependencies of target turtlebot4_cpp_node[0m
[ 50%] [32mBuilding CXX object CMakeFiles/turtlebot4_cpp_node.dir/src/turtlebot4_cpp_node.cpp.o[0m
[01m[K/home/ros/turtlebot4_ws/src/turtlebot4_cpp/src/turtlebot4_cpp_node.cpp:[m[K In member function â€˜[01m[Kvoid TurtleBot4Node::path()[m[Kâ€™:
[01m[K/home/ros/turtlebot4_ws/src/turtlebot4_cpp/src/turtlebot4_cpp_node.cpp:79:7:[m[K [01;31m[Kerror: [m[Kexpected â€˜[01m[K,[m[Kâ€™ or â€˜[01m[K;[m[Kâ€™ before â€˜[01m[Kfloat[m[Kâ€™
   79 |       [01;31m[Kfloat[m[K y = current_dir[0] * std::cos(ang) + current_dir[1] * std::sin(ang)//  cos Î¸ + y sin Î¸
      |       [01;31m[K^~~~~[m[K
[01m[K/home/ros/turtlebot4_ws/src/turtlebot4_cpp/src/turtlebot4_cpp_node.cpp:84:7:[m[K [01;31m[Kerror: [m[Kâ€˜[01m[Kpath_seg[m[Kâ€™ was not declared in this scope
   84 |       [01;31m[Kpath_seg[m[K.linear.x = delta_x*10;
      |       [01;31m[K^~~~~~~~[m[K
[01m[K/home/ros/turtlebot4_ws/src/turtlebot4_cpp/src/turtlebot4_cpp_node.cpp:78:13:[m[K [01;35m[Kwarning: [m[Kunused variable â€˜[01m[Kx[m[Kâ€™ [[01;35m[K]8;;https://gcc.gnu.org/onlinedocs/gcc/Warning-Options.html#index-Wunused-variable-Wunused-variable]8;;[m[K]
   78 |       float [01;35m[Kx[m[K = current_dir[0] * std::cos(ang) - current_dir[1] * std::sin(ang)//  cos Î¸ âˆ’ y sin Î¸
      |             [01;35m[K^[m[K
gmake[2]: *** [CMakeFiles/turtlebot4_cpp_node.dir/build.make:76: CMakeFiles/turtlebot4_cpp_node.dir/src/turtlebot4_cpp_node.cpp.o] Error 1
gmake[1]: *** [CMakeFiles/Makefile2:137: CMakeFiles/turtlebot4_cpp_node.dir/all] Error 2
gmake: *** [Makefile:146: all] Error 2
