[0.135s] Invoking command in '/home/ros/turtlebot4_ws/build/turtlebot4_cpp': CMAKE_PREFIX_PATH=/opt/ros/humble /usr/bin/cmake --build /home/ros/turtlebot4_ws/build/turtlebot4_cpp -- -j6 -l6
[0.410s] [35m[1mConsolidate compiler generated dependencies of target turtlebot4_cpp_node[0m
[0.461s] [ 50%] [32mBuilding CXX object CMakeFiles/turtlebot4_cpp_node.dir/src/turtlebot4_cpp_node.cpp.o[0m
[8.580s] [01m[K/home/ros/turtlebot4_ws/src/turtlebot4_cpp/src/turtlebot4_cpp_node.cpp:[m[K In member function â€˜[01m[Kvoid TurtleBot4Node::path()[m[Kâ€™:
[8.580s] [01m[K/home/ros/turtlebot4_ws/src/turtlebot4_cpp/src/turtlebot4_cpp_node.cpp:79:7:[m[K [01;31m[Kerror: [m[Kexpected â€˜[01m[K,[m[Kâ€™ or â€˜[01m[K;[m[Kâ€™ before â€˜[01m[Kfloat[m[Kâ€™
[8.580s]    79 |       [01;31m[Kfloat[m[K y = current_dir[0] * std::cos(ang) + current_dir[1] * std::sin(ang)//  cos Î¸ + y sin Î¸
[8.580s]       |       [01;31m[K^~~~~[m[K
[8.602s] [01m[K/home/ros/turtlebot4_ws/src/turtlebot4_cpp/src/turtlebot4_cpp_node.cpp:84:7:[m[K [01;31m[Kerror: [m[Kâ€˜[01m[Kpath_seg[m[Kâ€™ was not declared in this scope
[8.608s]    84 |       [01;31m[Kpath_seg[m[K.linear.x = delta_x*10;
[8.609s]       |       [01;31m[K^~~~~~~~[m[K
[8.609s] [01m[K/home/ros/turtlebot4_ws/src/turtlebot4_cpp/src/turtlebot4_cpp_node.cpp:78:13:[m[K [01;35m[Kwarning: [m[Kunused variable â€˜[01m[Kx[m[Kâ€™ [[01;35m[K]8;;https://gcc.gnu.org/onlinedocs/gcc/Warning-Options.html#index-Wunused-variable-Wunused-variable]8;;[m[K]
[8.609s]    78 |       float [01;35m[Kx[m[K = current_dir[0] * std::cos(ang) - current_dir[1] * std::sin(ang)//  cos Î¸ âˆ’ y sin Î¸
[8.609s]       |             [01;35m[K^[m[K
[18.455s] gmake[2]: *** [CMakeFiles/turtlebot4_cpp_node.dir/build.make:76: CMakeFiles/turtlebot4_cpp_node.dir/src/turtlebot4_cpp_node.cpp.o] Error 1
[18.456s] gmake[1]: *** [CMakeFiles/Makefile2:137: CMakeFiles/turtlebot4_cpp_node.dir/all] Error 2
[18.486s] gmake: *** [Makefile:146: all] Error 2
[18.556s] Invoked command in '/home/ros/turtlebot4_ws/build/turtlebot4_cpp' returned '2': CMAKE_PREFIX_PATH=/opt/ros/humble /usr/bin/cmake --build /home/ros/turtlebot4_ws/build/turtlebot4_cpp -- -j6 -l6
