[0.416s] Invoking command in '/home/ros/turtlebot4_ws/build/turtlebot4_cpp': CMAKE_PREFIX_PATH=/opt/ros/humble /usr/bin/cmake --build /home/ros/turtlebot4_ws/build/turtlebot4_cpp -- -j6 -l6
[0.573s] [35m[1mConsolidate compiler generated dependencies of target turtlebot4_cpp_node[0m
[0.674s] [ 50%] [32mBuilding CXX object CMakeFiles/turtlebot4_cpp_node.dir/src/turtlebot4_cpp_node.cpp.o[0m
[6.626s] [01m[K/home/ros/turtlebot4_ws/src/turtlebot4_cpp/src/turtlebot4_cpp_node.cpp:45:21:[m[K [01;31m[Kerror: [m[Kâ€˜[01m[Kgeometry_msgs[m[Kâ€™ was not declared in this scope
[6.626s]    45 |   rclcpp::Publisher<[01;31m[Kgeometry_msgs[m[K::Twist>::SharedPtr lightring_publisher_;
[6.626s]       |                     [01;31m[K^~~~~~~~~~~~~[m[K
[6.626s] [01m[K/home/ros/turtlebot4_ws/src/turtlebot4_cpp/src/turtlebot4_cpp_node.cpp:45:41:[m[K [01;31m[Kerror: [m[Ktemplate argument 1 is invalid
[6.626s]    45 |   rclcpp::Publisher<geometry_msgs::Twist[01;31m[K>[m[K::SharedPtr lightring_publisher_;
[6.626s]       |                                         [01;31m[K^[m[K
[6.626s] [01m[K/home/ros/turtlebot4_ws/src/turtlebot4_cpp/src/turtlebot4_cpp_node.cpp:45:44:[m[K [01;31m[Kerror: [m[Kexpected â€˜[01m[K;[m[Kâ€™ at end of member declaration
[6.626s]    45 |   rclcpp::Publisher<geometry_msgs::Twist>::[01;31m[KSharedPtr[m[K lightring_publisher_;
[6.626s]       |                                            [01;31m[K^~~~~~~~~[m[K
[6.626s]       |                                                     [32m[K;[m[K
[6.631s] [01m[K/home/ros/turtlebot4_ws/src/turtlebot4_cpp/src/turtlebot4_cpp_node.cpp:45:54:[m[K [01;31m[Kerror: [m[Kâ€˜[01m[Klightring_publisher_[m[Kâ€™ does not name a type
[6.631s]    45 |   rclcpp::Publisher<geometry_msgs::Twist>::SharedPtr [01;31m[Klightring_publisher_[m[K;
[6.631s]       |                                                      [01;31m[K^~~~~~~~~~~~~~~~~~~~[m[K
[6.660s] [01m[K/home/ros/turtlebot4_ws/src/turtlebot4_cpp/src/turtlebot4_cpp_node.cpp:[m[K In constructor â€˜[01m[KTurtleBot4Node::TurtleBot4Node()[m[Kâ€™:
[6.660s] [01m[K/home/ros/turtlebot4_ws/src/turtlebot4_cpp/src/turtlebot4_cpp_node.cpp:26:5:[m[K [01;31m[Kerror: [m[Kâ€˜[01m[Kpath_publisher_[m[Kâ€™ was not declared in this scope; did you mean â€˜[01m[Kcreate_publisher[m[Kâ€™?
[6.660s]    26 |     [01;31m[Kpath_publisher_[m[K = this->create_publisher<geometry_msgs::msg::Twist>("/cmd_vel", rclcpp::SensorDataQos());
[6.660s]       |     [01;31m[K^~~~~~~~~~~~~~~[m[K
[6.660s]       |     [32m[Kcreate_publisher[m[K
[6.672s] [01m[K/home/ros/turtlebot4_ws/src/turtlebot4_cpp/src/turtlebot4_cpp_node.cpp:26:46:[m[K [01;31m[Kerror: [m[Kâ€˜[01m[Kgeometry_msgs[m[Kâ€™ was not declared in this scope
[6.672s]    26 |     path_publisher_ = this->create_publisher<[01;31m[Kgeometry_msgs[m[K::msg::Twist>("/cmd_vel", rclcpp::SensorDataQos());
[6.672s]       |                                              [01;31m[K^~~~~~~~~~~~~[m[K
[6.672s] [01m[K/home/ros/turtlebot4_ws/src/turtlebot4_cpp/src/turtlebot4_cpp_node.cpp:26:29:[m[K [01;31m[Kerror: [m[Kparse error in template argument list
[6.672s]    26 |     path_publisher_ = this->[01;31m[Kcreate_publisher<geometry_msgs::msg::Twist>[m[K("/cmd_vel", rclcpp::SensorDataQos());
[6.672s]       |                             [01;31m[K^~~~~~~~~~~~~~~~~~~~~~~~~~~~~~~~~~~~~~~~~~~[m[K
[6.672s] [01m[K/home/ros/turtlebot4_ws/src/turtlebot4_cpp/src/turtlebot4_cpp_node.cpp:26:93:[m[K [01;31m[Kerror: [m[Kâ€˜[01m[KSensorDataQos[m[Kâ€™ is not a member of â€˜[01m[Krclcpp[m[Kâ€™; did you mean â€˜[01m[KSensorDataQoS[m[Kâ€™?
[6.673s]    26 |     path_publisher_ = this->create_publisher<geometry_msgs::msg::Twist>("/cmd_vel", rclcpp::[01;31m[KSensorDataQos[m[K());
[6.673s]       |                                                                                             [01;31m[K^~~~~~~~~~~~~[m[K
[6.673s]       |                                                                                             [32m[KSensorDataQoS[m[K
[12.714s] gmake[2]: *** [CMakeFiles/turtlebot4_cpp_node.dir/build.make:76: CMakeFiles/turtlebot4_cpp_node.dir/src/turtlebot4_cpp_node.cpp.o] Error 1
[12.714s] gmake[1]: *** [CMakeFiles/Makefile2:137: CMakeFiles/turtlebot4_cpp_node.dir/all] Error 2
[12.715s] gmake: *** [Makefile:146: all] Error 2
[12.732s] Invoked command in '/home/ros/turtlebot4_ws/build/turtlebot4_cpp' returned '2': CMAKE_PREFIX_PATH=/opt/ros/humble /usr/bin/cmake --build /home/ros/turtlebot4_ws/build/turtlebot4_cpp -- -j6 -l6
