[0.125s] Invoking command in '/home/ros/turtlebot4_ws/build/turtlebot4_cpp': CMAKE_PREFIX_PATH=${CMAKE_PREFIX_PATH}:/home/ros/turtlebot4_ws/install/turtlebot4_py:/opt/ros/humble /usr/bin/cmake --build /home/ros/turtlebot4_ws/build/turtlebot4_cpp -- -j6 -l6
[0.221s] [35m[1mConsolidate compiler generated dependencies of target turtlebot4_cpp_node[0m
[0.247s] [ 50%] [32mBuilding CXX object CMakeFiles/turtlebot4_cpp_node.dir/src/turtlebot4_cpp_node.cpp.o[0m
[4.170s] [01m[K/home/ros/turtlebot4_ws/src/turtlebot4_cpp/src/turtlebot4_cpp_node.cpp:227:2:[m[K [01;31m[Kerror: [m[Kexpected â€˜[01m[K}[m[Kâ€™ at end of input
[4.171s]   227 | }
[4.171s]       |  [01;31m[K^[m[K
[4.171s] [01m[K/home/ros/turtlebot4_ws/src/turtlebot4_cpp/src/turtlebot4_cpp_node.cpp:18:1:[m[K [01;36m[Knote: [m[Kto match this â€˜[01m[K{[m[Kâ€™
[4.171s]    18 | [01;36m[K{[m[K
[4.171s]       | [01;36m[K^[m[K
[4.216s] [01m[K/home/ros/turtlebot4_ws/src/turtlebot4_cpp/src/turtlebot4_cpp_node.cpp:[m[K In member function â€˜[01m[Kvoid TurtleBot4Node::result_callback(const rclcpp_action::ClientGoalHandle<irobot_create_msgs::action::RotateAngle>::WrappedResult&)[m[Kâ€™:
[4.217s] [01m[K/home/ros/turtlebot4_ws/src/turtlebot4_cpp/src/turtlebot4_cpp_node.cpp:215:39:[m[K [01;31m[Kerror: [m[Kâ€˜[01m[Kusing element_type = struct irobot_create_msgs::action::RotateAngle_Result_<std::allocator<void> >[m[Kâ€™ {aka â€˜[01m[Kstruct irobot_create_msgs::action::RotateAngle_Result_<std::allocator<void> >[m[Kâ€™} has no member named â€˜[01m[Ksequence[m[Kâ€™
[4.217s]   215 |     for (auto number : result.result->[01;31m[Ksequence[m[K) {
[4.217s]       |                                       [01;31m[K^~~~~~~~[m[K
[4.224s] [01m[K/home/ros/turtlebot4_ws/src/turtlebot4_cpp/src/turtlebot4_cpp_node.cpp:[m[K At global scope:
[4.224s] [01m[K/home/ros/turtlebot4_ws/src/turtlebot4_cpp/src/turtlebot4_cpp_node.cpp:227:2:[m[K [01;31m[Kerror: [m[Kexpected unqualified-id at end of input
[4.224s]   227 | }
[4.224s]       |  [01;31m[K^[m[K
[8.159s] gmake[2]: *** [CMakeFiles/turtlebot4_cpp_node.dir/build.make:76: CMakeFiles/turtlebot4_cpp_node.dir/src/turtlebot4_cpp_node.cpp.o] Error 1
[8.161s] gmake[1]: *** [CMakeFiles/Makefile2:137: CMakeFiles/turtlebot4_cpp_node.dir/all] Error 2
[8.162s] gmake: *** [Makefile:146: all] Error 2
[8.173s] Invoked command in '/home/ros/turtlebot4_ws/build/turtlebot4_cpp' returned '2': CMAKE_PREFIX_PATH=${CMAKE_PREFIX_PATH}:/home/ros/turtlebot4_ws/install/turtlebot4_py:/opt/ros/humble /usr/bin/cmake --build /home/ros/turtlebot4_ws/build/turtlebot4_cpp -- -j6 -l6
