[0.219s] Invoking command in '/home/ros/turtlebot4_ws/src/build/turtlebot4_cpp': CMAKE_PREFIX_PATH=/opt/ros/humble /usr/bin/cmake --build /home/ros/turtlebot4_ws/src/build/turtlebot4_cpp -- -j6 -l6
[0.337s] [35m[1mConsolidate compiler generated dependencies of target turtlebot4_cpp_node[0m
[0.371s] [ 50%] [32mBuilding CXX object CMakeFiles/turtlebot4_cpp_node.dir/src/turtlebot4_cpp_node.cpp.o[0m
[4.836s] [01m[K/home/ros/turtlebot4_ws/src/turtlebot4_cpp/src/turtlebot4_cpp_node.cpp:[m[K In function â€˜[01m[Kint main(int, char**)[m[Kâ€™:
[4.836s] [01m[K/home/ros/turtlebot4_ws/src/turtlebot4_cpp/src/turtlebot4_cpp_node.cpp:15:33:[m[K [01;31m[Kerror: [m[Kâ€˜[01m[KTurtleBot4Node[m[Kâ€™ was not declared in this scope
[4.836s]    15 |   rclcpp::spin(std::make_shared<[01;31m[KTurtleBot4Node[m[K>());
[4.836s]       |                                 [01;31m[K^~~~~~~~~~~~~~[m[K
[4.836s] [01m[K/home/ros/turtlebot4_ws/src/turtlebot4_cpp/src/turtlebot4_cpp_node.cpp:15:48:[m[K [01;31m[Kerror: [m[Kno matching function for call to â€˜[01m[Kmake_shared<<expression error> >()[m[Kâ€™
[4.836s]    15 |   rclcpp::spin([01;31m[Kstd::make_shared<TurtleBot4Node>()[m[K);
[4.837s]       |                [01;31m[K~~~~~~~~~~~~~~~~~~~~~~~~~~~~~~~~^~[m[K
[4.837s] In file included from [01m[K/usr/include/c++/11/memory:77[m[K,
[4.837s]                  from [01m[K/home/ros/turtlebot4_ws/src/turtlebot4_cpp/src/turtlebot4_cpp_node.cpp:4[m[K:
[4.837s] [01m[K/usr/include/c++/11/bits/shared_ptr.h:875:5:[m[K [01;36m[Knote: [m[Kcandidate: â€˜[01m[Ktemplate<class _Tp, class ... _Args> std::shared_ptr<_Tp> std::make_shared(_Args&& ...)[m[Kâ€™
[4.837s]   875 |     [01;36m[Kmake_shared[m[K(_Args&&... __args)
[4.837s]       |     [01;36m[K^~~~~~~~~~~[m[K
[4.837s] [01m[K/usr/include/c++/11/bits/shared_ptr.h:875:5:[m[K [01;36m[Knote: [m[K  template argument deduction/substitution failed:
[4.837s] [01m[K/home/ros/turtlebot4_ws/src/turtlebot4_cpp/src/turtlebot4_cpp_node.cpp:15:48:[m[K [01;31m[Kerror: [m[Ktemplate argument 1 is invalid
[4.837s]    15 |   rclcpp::spin([01;31m[Kstd::make_shared<TurtleBot4Node>()[m[K);
[4.837s]       |                [01;31m[K~~~~~~~~~~~~~~~~~~~~~~~~~~~~~~~~^~[m[K
[8.689s] gmake[2]: *** [CMakeFiles/turtlebot4_cpp_node.dir/build.make:76: CMakeFiles/turtlebot4_cpp_node.dir/src/turtlebot4_cpp_node.cpp.o] Error 1
[8.689s] gmake[1]: *** [CMakeFiles/Makefile2:137: CMakeFiles/turtlebot4_cpp_node.dir/all] Error 2
[8.690s] gmake: *** [Makefile:146: all] Error 2
[8.708s] Invoked command in '/home/ros/turtlebot4_ws/src/build/turtlebot4_cpp' returned '2': CMAKE_PREFIX_PATH=/opt/ros/humble /usr/bin/cmake --build /home/ros/turtlebot4_ws/src/build/turtlebot4_cpp -- -j6 -l6
